1432664072 init
1432664072 getattr
1432664072 opendir
1432664072 getattr
1432664072 getattr
1432664072 getattr
1432664072 readdir
   lala
   ..
   nogadir
   .filesystem.log
   noga
   .
1432664072 getattr
1432664072 getattr
1432664072 getattr
1432664072 getattr
1432664072 releasedir
1432664072 opendir
1432664072 readdir
   lala
   ..
   nogadir
   .filesystem.log
   noga
   .
1432664072 releasedir
1432664072 opendir
1432664072 readdir
   lala
   ..
   nogadir
   .filesystem.log
   noga
   .
1432664072 releasedir
1432664072 opendir
1432664072 readdir
   lala
   ..
   nogadir
   .filesystem.log
   noga
   .
1432664072 releasedir
1432664072 opendir
1432664072 readdir
   lala
   ..
   nogadir
   .filesystem.log
   noga
   .
1432664072 releasedir
1432664072 opendir
1432664072 readdir
   lala
   ..
   nogadir
   .filesystem.log
   noga
   .
1432664072 releasedir
1432664072 opendir
1432664072 readdir
   lala
   ..
   nogadir
   .filesystem.log
   noga
   .
1432664072 releasedir
1432664072 opendir
1432664072 readdir
   lala
   ..
   nogadir
   .filesystem.log
   noga
   .
1432664072 releasedir
1432664072 opendir
1432664072 readdir
   lala
   ..
   nogadir
   .filesystem.log
   noga
   .
1432664072 releasedir
1432664072 opendir
1432664072 readdir
   lala
   ..
   nogadir
   .filesystem.log
   noga
   .
1432664072 releasedir
1432664072 opendir
1432664072 readdir
   lala
   ..
   nogadir
   .filesystem.log
   noga
   .
1432664072 releasedir
1432664072 opendir
1432664072 readdir
   lala
   ..
   nogadir
   .filesystem.log
   noga
   .
1432664072 releasedir
1432664072 opendir
1432664072 readdir
   lala
   ..
   nogadir
   .filesystem.log
   noga
   .
1432664072 releasedir
1432664072 opendir
1432664072 readdir
   lala
   ..
   nogadir
   .filesystem.log
   noga
   .
1432664072 releasedir
1432664072 opendir
1432664072 readdir
   lala
   ..
   nogadir
   .filesystem.log
   noga
   .
1432664072 releasedir
1432664072 opendir
1432664072 readdir
   lala
   ..
   nogadir
   .filesystem.log
   noga
   .
1432664072 releasedir
1432664072 opendir
1432664072 readdir
   lala
   ..
   nogadir
   .filesystem.log
   noga
   .
1432664072 releasedir
1432664072 opendir
1432664072 readdir
   lala
   ..
   nogadir
   .filesystem.log
   noga
   .
1432664072 releasedir
1432664072 opendir
1432664072 readdir
   lala
   ..
   nogadir
   .filesystem.log
   noga
   .
1432664072 releasedir
1432664072 opendir
1432664072 readdir
   lala
   ..
   nogadir
   .filesystem.log
   noga
   .
1432664072 releasedir
1432664072 opendir
1432664072 readdir
   lala
   ..
   nogadir
   .filesystem.log
   noga
   .
1432664072 releasedir
1432664072 opendir
1432664072 readdir
   lala
   ..
   nogadir
   .filesystem.log
   noga
   .
1432664072 releasedir
1432664072 getattr
1432664139 getattr
1432664139 access
1432664140 opendir
1432664140 readdir
   lala
   ..
   nogadir
   .filesystem.log
   noga
   .
1432664140 getattr
1432664140 getattr
1432664140 getattr
1432664140 releasedir
1432664144 getattr
1432664144 getattr
1432664145 getattr
1432664145 getattr
1432664148 getattr
1432664148 opendir
1432664148 readdir
   lala
   ..
   nogadir
   .filesystem.log
   noga
   .
1432664148 getattr
1432664148 getattr
1432664148 access
1432664148 access
1432664148 releasedir
1432664148 getattr
1432664148 opendir
1432664148 readdir
   lala
   ..
   nogadir
   .filesystem.log
   noga
   .
1432664148 releasedir
1432664150 getattr
1432664150 opendir
1432664150 readdir
   lala
   ..
   nogadir
   .filesystem.log
   noga
   .
1432664150 getattr
1432664150 getattr
1432664150 access
1432664150 access
1432664150 releasedir
1432664150 getattr
1432664150 opendir
1432664150 readdir
   lala
   ..
   nogadir
   .filesystem.log
   noga
   .
1432664150 releasedir
1432664151 getattr
1432664151 opendir
1432664151 readdir
   lala
   ..
   nogadir
   .filesystem.log
   noga
   .
1432664151 getattr
1432664151 access
1432664151 access
1432664151 releasedir
1432664151 getattr
1432664151 opendir
1432664151 readdir
   lala
   ..
   nogadir
   .filesystem.log
   noga
   .
1432664151 releasedir
1432664151 getattr
1432664151 opendir
1432664151 readdir
   lala
   ..
   nogadir
   .filesystem.log
   noga
   .
1432664151 getattr
1432664151 access
1432664151 access
1432664151 releasedir
1432664151 getattr
1432664151 opendir
1432664151 readdir
   lala
   ..
   nogadir
   .filesystem.log
   noga
   .
1432664151 releasedir
1432664151 getattr
1432664151 opendir
1432664151 readdir
   lala
   ..
   nogadir
   .filesystem.log
   noga
   .
1432664151 getattr
1432664151 access
1432664151 access
1432664151 releasedir
1432664151 getattr
1432664151 opendir
1432664151 readdir
   lala
   ..
   nogadir
   .filesystem.log
   noga
   .
1432664151 releasedir
1432664151 getattr
1432664151 opendir
1432664151 readdir
   lala
   ..
   nogadir
   .filesystem.log
   noga
   .
1432664151 getattr
1432664151 getattr
1432664151 access
1432664151 access
1432664151 releasedir
1432664151 getattr
1432664151 opendir
1432664151 readdir
   lala
   ..
   nogadir
   .filesystem.log
   noga
   .
1432664151 releasedir
1432664164 opendir
1432664164 readdir
   lala
   ..
   nogadir
   .filesystem.log
   noga
   .
1432664164 getattr
1432664164 getattr
1432664164 getattr
1432664164 releasedir
1432664166 getattr
1432664166 getattr
1432664166 access
1432664167 opendir
1432664167 readdir
   ..
   .
1432664167 releasedir
1432664168 opendir
1432664168 readdir
   ..
   .
1432664168 releasedir
1432664169 getattr
1432664169 getattr
1432664169 access
1432664171 opendir
1432664171 readdir
   lala
   ..
   nogadir
   .filesystem.log
   noga
   .
1432664171 getattr
1432664171 getattr
1432664171 getattr
1432664171 releasedir
1432664177 getattr
1432664177 access
1432664177 access
1432664177 getattr
1432664177 opendir
1432664177 access
1432664177 access
1432664177 releasedir
1432664177 opendir
1432664177 access
1432664177 access
1432664177 releasedir
1432664177 opendir
1432664177 access
1432664177 access
1432664177 releasedir
1432664177 opendir
1432664177 access
1432664177 access
1432664177 releasedir
1432664177 access
1432664177 open
1432664177 getattr
1432664177 getattr
1432664177 getattr
1432664177 getattr
1432664177 getattr
1432664177 getattr
1432664177 read
1432664177 fgetattr
1432664177 flush
1432664177 release
1432664181 getattr
1432664181 access
1432664181 access
1432664181 open
1432664181 getattr
1432664181 getattr
1432664181 getattr
1432664181 read
1432664181 fgetattr
1432664181 flush
1432664181 release
1432664181 open
1432664195 opendir
1432664195 readdir
   lala
   ..
   nogadir
   .filesystem.log
   noga
   .
1432664195 getattr
1432664195 getattr
1432664195 getattr
1432664195 releasedir
1432664263 getattr
1432664266 getattr
1432664275 getattr
1432664482 getattr
1432664491 getattr
1432664518 destroy
1432664603 init
1432664603 getattr
1432664603 opendir
1432664603 getattr
1432664603 getattr
1432664603 getattr
1432664603 readdir
1432664603 getattr
1432664603 getattr
1432664603 getattr
1432664603 releasedir
1432664603 opendir
1432664603 readdir
1432664603 releasedir
1432664603 opendir
1432664603 readdir
1432664603 releasedir
1432664603 opendir
1432664603 readdir
1432664603 releasedir
1432664603 opendir
1432664603 readdir
1432664603 releasedir
1432664603 opendir
1432664603 readdir
1432664603 releasedir
1432664603 opendir
1432664603 readdir
1432664603 releasedir
1432664603 opendir
1432664603 readdir
1432664603 releasedir
1432664603 opendir
1432664603 readdir
1432664603 releasedir
1432664603 opendir
1432664603 readdir
1432664603 releasedir
1432664603 opendir
1432664603 readdir
1432664603 releasedir
1432664603 opendir
1432664603 readdir
1432664603 releasedir
1432664603 opendir
1432664603 readdir
1432664603 releasedir
1432664603 opendir
1432664603 readdir
1432664603 releasedir
1432664603 opendir
1432664603 readdir
1432664603 releasedir
1432664603 opendir
1432664603 readdir
1432664603 releasedir
1432664603 opendir
1432664603 readdir
1432664603 releasedir
1432664603 opendir
1432664603 readdir
1432664603 releasedir
1432664603 opendir
1432664603 readdir
1432664603 releasedir
1432664603 opendir
1432664603 readdir
1432664603 releasedir
1432664603 opendir
1432664603 readdir
1432664603 releasedir
1432664603 opendir
1432664603 readdir
1432664603 releasedir
1432664603 getattr
1432664607 getattr
1432664607 access
1432664607 opendir
1432664607 readdir
1432664607 getattr
1432664607 getattr
1432664607 getattr
1432664607 releasedir
1432664608 opendir
1432664608 readdir
1432664608 getattr
1432664608 getattr
1432664608 getattr
1432664608 getattr
1432664608 releasedir
1432667059 getattr
1432667074 getattr
1432667074 getattr
1432667074 getattr
1432667074 getattr
1432667074 opendir
1432667074 readdir
1432667074 getattr
1432667074 getattr
1432667074 getattr
1432667074 getattr
1432667074 getattr
1432667074 getattr
1432667074 getattr
1432667074 opendir
1432667074 readdir
1432667074 releasedir
1432667074 getattr
1432667074 releasedir
1432667074 open
1432667074 read
1432667074 getattr
1432667074 flush
1432667074 release
1432667074 open
1432667074 read
1432667074 flush
1432667074 release
1432667076 getattr
1432667076 getattr
1432667076 opendir
1432667076 readdir
1432667076 getattr
1432667076 getattr
1432667076 opendir
1432667076 readdir
1432667076 releasedir
1432667076 releasedir
1432667095 getattr
1432667095 getattr
1432667095 opendir
1432667095 readdir
1432667095 getattr
1432667095 getattr
1432667095 opendir
1432667095 readdir
1432667095 releasedir
1432667095 releasedir
1432667103 opendir
1432667103 readdir
1432667103 getattr
1432667103 getattr
1432667103 getattr
1432667103 releasedir
1432667105 getattr
1432667111 destroy
1432721748 init
1432721748 getattr
1432721748 getattr
1432721771 access
1432721771 getattr
1432721771 getattr
1432721771 getattr
1432721771 getattr
1432721771 getattr
1432721771 getattr
1432721771 getattr
1432721771 getattr
1432721771 getattr
1432721771 getattr
1432721771 getattr
1432721771 getattr
1432721771 getattr
1432721771 getattr
1432721771 getattr
1432721771 getattr
1432721771 getattr
1432721771 getattr
1432721771 getattr
1432721771 getattr
1432721771 getattr
1432721771 getattr
1432721771 getattr
1432721771 getattr
1432721771 getattr
1432721771 getattr
1432721771 getattr
1432721785 access
1432721785 getattr
1432721785 getattr
1432721785 opendir
1432721785 readdir
1432721785 getattr
1432721785 getattr
1432721785 releasedir
1432721850 getattr
1432721850 opendir
1432721850 readdir
1432721850 getattr
1432721850 getattr
1432721850 getattr
1432721850 releasedir
1432724817 destroy
1432724921 init
1432724921 getattr
1432724921 getattr
1432724939 access
1432724939 getattr
1432724958 getattr
1432724958 opendir
1432724958 readdir
1432724958 getattr
1432724958 getattr
1432724958 releasedir
1432724958 getattr
1432724958 opendir
1432724958 readdir
1432724958 releasedir
1432724962 getattr
1432724962 getattr
1432724962 access
1432724962 access
1432724962 getattr
1432724962 opendir
1432724962 access
1432724962 access
1432724962 releasedir
1432724962 opendir
1432724962 access
1432724962 access
1432724962 releasedir
1432724962 opendir
1432724962 access
1432724962 access
1432724962 releasedir
1432724962 opendir
1432724962 access
1432724962 access
1432724962 releasedir
1432724962 opendir
1432724962 access
1432724962 access
1432724962 releasedir
1432724963 opendir
1432724963 access
1432724963 access
1432724963 releasedir
1432724963 opendir
1432724963 access
1432724963 access
1432724963 releasedir
1432724963 opendir
1432724963 access
1432724963 access
1432724963 releasedir
1432724963 opendir
1432724963 access
1432724963 access
1432724963 releasedir
1432724963 opendir
1432724963 access
1432724963 access
1432724963 releasedir
1432724963 opendir
1432724963 access
1432724963 access
1432724963 releasedir
1432724963 opendir
1432724963 access
1432724963 access
1432724963 releasedir
1432724963 opendir
1432724963 access
1432724963 access
1432724963 releasedir
1432724963 opendir
1432724963 access
1432724963 access
1432724963 releasedir
1432724963 opendir
1432724963 access
1432724963 access
1432724963 releasedir
1432724963 access
1432724963 open
1432724963 getattr
1432724963 getattr
1432724963 getattr
1432724963 getattr
1432724963 getattr
1432724963 getattr
1432724963 flush
1432724963 release
1432724963 open
1432724963 read
  path: /lala
1432724963 fgetattr
1432724963 flush
1432724963 release
1432724969 getattr
1432724970 getattr
1432724970 opendir
1432724970 readdir
1432724970 getattr
1432724970 getattr
1432724970 releasedir
1432724971 opendir
1432724971 readdir
1432724971 releasedir
1432724973 getattr
1432724996 access
1432724996 getattr
1432724999 getattr
1432724999 getattr
1432724999 open
1432724999 read
  path: /lala
1432724999 fgetattr
1432724999 flush
1432724999 release
1432725001 getattr
1432725001 getattr
1432725001 open
1432725001 read
  path: /noga
1432725001 fgetattr
1432725001 flush
1432725001 release
1432725006 opendir
1432725006 readdir
1432725006 releasedir
1432725006 opendir
1432725006 readdir
1432725006 getattr
1432725006 getattr
1432725006 releasedir
1432725007 opendir
1432725007 readdir
1432725007 releasedir
1432725007 getattr
1432725007 access
1432725007 getattr
1432725010 opendir
1432725010 readdir
1432725010 releasedir
1432725011 getattr
1432725011 getattr
1432725014 getattr
1432725014 opendir
1432725014 readdir
1432725014 getattr
1432725014 releasedir
1432725016 getattr
1432725016 getattr
1432725016 open
1432725016 read
  path: /nogadir/lala
1432725016 fgetattr
1432725016 flush
1432725016 release
1432726607 getattr
1432726611 destroy
1432819458 init
1432819458 getattr
1432819458 getattr
1432819521 access
1432819521 getattr
1432819521 getattr
1432819521 getattr
1432819521 getattr
1432819521 getattr
1432819521 getattr
1432819521 access
1432819521 getattr
1432819521 getattr
1432819521 getattr
1432819521 getattr
1432819521 getattr
1432819521 getattr
1432819521 getattr
1432819521 getattr
1432819521 getattr
1432819521 getattr
1432819521 getattr
1432819521 getattr
1432819521 getattr
1432819624 opendir
1432819624 releasedir
1432819643 opendir
1432819643 releasedir
1432819644 opendir
1432819644 releasedir
1432819721 opendir
1432819721 releasedir
1432819750 opendir
1432819750 releasedir
1432819836 getattr
1432819836 open
1432819836 ioctl
1432819836 flush
1432819836 release
1432819880 getattr
1432819881 destroy
1432819934 init
1432819934 getattr
1432819934 getattr
1432819946 getattr
1432819946 open
1432819946 ioctl
1432819946 flush
1432819946 release
1432819969 getattr
1432819969 opendir
1432819969 readdir
1432819969 releasedir
1432819969 getattr
1432819969 getattr
1432819973 getattr
1432819979 access
1432819979 getattr
1432819979 access
1432819979 open
1432819979 getattr
1432819979 getattr
1432819979 getattr
1432819979 getattr
1432819979 access
1432819979 getattr
1432819979 getattr
1432819979 flush
1432819979 release
1432819979 open
1432819979 read
1432820109 init
1432820109 getattr
1432820109 getattr
1432820115 access
1432820115 getattr
1432820115 access
1432820115 open
1432820115 getattr
1432820115 getattr
1432820115 getattr
1432820115 getattr
1432820115 access
1432820115 getattr
1432820115 getattr
1432820115 flush
1432820115 release
1432820115 open
1432820115 read
1432820187 init
1432820187 getattr
1432820187 getattr
1432820197 access
1432820197 getattr
1432820197 access
1432820197 open
1432820197 getattr
1432820197 getattr
1432820197 getattr
1432820197 getattr
1432820197 access
1432820197 getattr
1432820197 getattr
1432820197 flush
1432820197 release
1432820197 open
1432820197 read
1432820366 init
1432820366 getattr
1432820366 getattr
1432820369 access
1432820369 getattr
1432820369 access
1432820369 open
1432820369 getattr
1432820369 getattr
1432820369 getattr
1432820369 getattr
1432820369 access
1432820369 getattr
1432820369 getattr
1432820369 flush
1432820369 release
1432820369 open
1432820369 read
1432820709 init
1432820709 getattr
1432820709 getattr
1432820711 access
1432820711 getattr
1432820711 access
1432820711 open
1432820711 getattr
1432820711 getattr
1432820711 getattr
1432820711 getattr
1432820711 access
1432820711 getattr
1432820711 getattr
1432820711 flush
1432820711 release
1432820711 open
1432820711 read
1432820780 init
1432820780 getattr
1432820780 getattr
1432820792 getattr
1432820792 open
1432820792 read
   CACHING_DATA->blockSize: 1024
1432820829 init
1432820829 getattr
1432820829 getattr
1432820831 getattr
1432820831 open
1432820831 read
1432820855 init
1432820855 getattr
1432820855 getattr
1432820858 getattr
1432820858 open
1432820858 read
1432820927 init
1432820927 getattr
1432820927 getattr
1432820929 getattr
1432820929 open
1432820929 read
1432820929 flush
1432820929 release
1432821043 destroy
1432821108 init
1432821108 getattr
1432821108 getattr
1432821110 getattr
1432821110 open
1432821110 read
1432821110 flush
1432821110 release
1432821247 getattr
1432821247 open
1432821247 read
1432821247 flush
1432821247 release
1432821249 destroy
1432821297 init
1432821297 getattr
1432821297 getattr
1432821300 getattr
1432821300 open
1432821300 read
1432821300 flush
1432821300 release
1432821489 getattr
1432821489 open
1432821489 read
1432821489 flush
1432821489 release
1432821495 getattr
1432821495 open
1432821495 read
1432821495 flush
1432821495 release
1432821498 destroy
1432821532 init
1432821532 getattr
1432821532 getattr
1432821536 getattr
1432821536 open
1432821536 read
1432821536 flush
1432821536 release
1432822679 destroy
1432822968 init
1432822968 getattr
1432822968 getattr
1432822971 getattr
1432822971 open
1432822971 read
1432822971 fgetattr
1432822971 flush
1432822971 release
1432822997 getattr
1432822997 open
1432822997 ioctl
/lala 0 11432822997 flush
1432822997 release
1432823023 getattr
1432823023 open
1432823023 ioctl
/lala 0 11432823023 flush
1432823023 release
1432823157 destroy
1432823167 init
1432823167 getattr
1432823167 getattr
1432823176 getattr
1432823176 open
1432823176 ioctl
1432823176 flush
1432823176 release
1432823210 destroy
1432823220 init
1432823220 getattr
1432823220 getattr
1432823229 getattr
1432823229 open
1432823229 read
1432823229 fgetattr
1432823229 flush
1432823229 release
1432823240 getattr
1432823240 open
1432823240 read
1432823240 flush
1432823240 release
1432823244 getattr
1432823244 open
1432823244 read
1432823244 flush
1432823244 release
1432823254 getattr
1432823254 open
1432823254 ioctl
/lala 0 31432823254 flush
1432823254 release
1432823259 getattr
1432823259 open
1432823259 ioctl
/lala 0 31432823259 flush
1432823259 release
1432823260 getattr
1432823260 open
1432823260 ioctl
/lala 0 31432823260 flush
1432823260 release
1432823261 open
1432823261 ioctl
/lala 0 31432823261 flush
1432823261 release
1432823262 getattr
1432823262 open
1432823262 ioctl
/lala 0 31432823262 flush
1432823262 release
1432823263 open
1432823263 ioctl
/lala 0 31432823263 flush
1432823263 release
1432823264 getattr
1432823264 open
1432823264 ioctl
/lala 0 31432823264 flush
1432823264 release
1432823585 getattr
1432823585 open
1432823585 read
1432823585 flush
1432823585 release
1432823589 getattr
1432823589 open
1432823589 read
1432823589 flush
1432823589 release
1432823589 open
1432823589 getattr
1432823589 read
1432823589 flush
1432823589 release
1432823590 getattr
1432823590 open
1432823590 read
1432823590 flush
1432823590 release
1432823590 open
1432823590 getattr
1432823590 read
1432823590 flush
1432823590 release
1432823591 open
1432823591 getattr
1432823591 read
1432823591 flush
1432823591 release
1432823591 open
1432823591 getattr
1432823591 read
1432823591 flush
1432823591 release
1432823591 getattr
1432823591 open
1432823591 read
1432823591 flush
1432823591 release
1432823595 getattr
1432823595 open
1432823595 ioctl
/lala 0 111432823595 flush
1432823595 release
1432823649 getattr
1432823649 open
1432823649 read
1432823649 flush
1432823649 release
1432823886 destroy
1432823942 init
1432823942 getattr
1432823942 getattr
1432823947 getattr
1432823947 open
1432823947 read
1432823947 fgetattr
1432823947 flush
1432823947 release
1432823950 getattr
1432823950 open
1432823950 read
1432823950 fgetattr
1432823950 flush
1432823950 release
1432823951 open
1432823951 read
1432823951 fgetattr
1432823951 flush
1432823951 release
1432823952 getattr
1432823952 open
1432823952 read
1432823952 fgetattr
1432823952 flush
1432823952 release
1432823952 open
1432823952 read
1432823952 fgetattr
1432823952 flush
1432823952 release
1432823953 open
1432823953 read
1432823953 fgetattr
1432823953 flush
1432823953 release
1432823953 getattr
1432823953 open
1432823953 read
1432823953 fgetattr
1432823953 flush
1432823953 release
1432823953 open
1432823953 read
1432823953 fgetattr
1432823953 flush
1432823953 release
1432823953 open
1432823953 read
1432823953 fgetattr
1432823953 flush
1432823953 release
1432823954 open
1432823954 read
1432823954 fgetattr
1432823954 flush
1432823954 release
1432823957 getattr
1432823957 open
1432823957 ioctl
/lala 0 101432823957 flush
1432823957 release
1432823967 getattr
1432823967 open
1432823967 ioctl
/lala 0 101432823967 flush
1432823967 release
1432824069 destroy
1432824085 init
1432824085 getattr
1432824085 getattr
1432824089 getattr
1432824089 open
1432824089 read
1432824089 fgetattr
1432824089 flush
1432824089 release
1432824091 getattr
1432824091 open
1432824091 read
1432824091 fgetattr
1432824091 flush
1432824091 release
1432824092 getattr
1432824092 open
1432824092 read
1432824092 fgetattr
1432824092 flush
1432824092 release
1432824092 open
1432824092 read
1432824092 fgetattr
1432824092 flush
1432824092 release
1432824093 getattr
1432824093 open
1432824093 read
1432824093 fgetattr
1432824093 flush
1432824093 release
1432824093 open
1432824093 read
1432824093 fgetattr
1432824093 flush
1432824093 release
1432824097 getattr
1432824097 open
1432824097 ioctl
/lala 0 6
1432824097 flush
1432824097 release
1432824100 getattr
1432824100 open
1432824100 ioctl
/lala 0 6
1432824100 flush
1432824100 release
1432824101 getattr
1432824101 open
1432824101 ioctl
/lala 0 6
1432824101 flush
1432824101 release
1432824104 getattr
1432824104 open
1432824104 ioctl
/lala 0 6
1432824104 flush
1432824104 release
1432824105 getattr
1432824105 open
1432824105 ioctl
/lala 0 6
1432824105 flush
1432824105 release
1432824108 getattr
1432824108 open
1432824108 read
1432824108 fgetattr
1432824108 flush
1432824108 release
1432824112 getattr
1432824112 open
1432824112 ioctl
/lala 0 7
1432824112 flush
1432824112 release
1432824125 getattr
1432824125 opendir
1432824125 readdir
1432824125 releasedir
1432824125 getattr
1432824125 getattr
1432824125 getattr
1432824125 getattr
1432824125 opendir
1432824125 readdir
1432824125 releasedir
1432824126 getattr
1432824128 getattr
1432824128 open
1432824128 read
1432824128 fgetattr
1432824128 flush
1432824128 release
1432824131 getattr
1432824131 open
1432824131 read
1432824131 fgetattr
1432824131 flush
1432824131 release
1432824133 getattr
1432824133 open
1432824133 read
1432824133 fgetattr
1432824133 flush
1432824133 release
1432824134 open
1432824134 read
1432824134 fgetattr
1432824134 flush
1432824134 release
1432824135 getattr
1432824135 open
1432824135 read
1432824135 fgetattr
1432824135 flush
1432824135 release
1432824135 open
1432824135 read
1432824135 fgetattr
1432824135 flush
1432824135 release
1432824136 getattr
1432824136 open
1432824136 read
1432824136 fgetattr
1432824136 flush
1432824136 release
1432824137 open
1432824137 read
1432824137 fgetattr
1432824137 flush
1432824137 release
1432824137 getattr
1432824137 open
1432824137 read
1432824137 fgetattr
1432824137 flush
1432824137 release
1432824138 getattr
1432824138 open
1432824138 read
1432824138 fgetattr
1432824138 flush
1432824138 release
1432824139 open
1432824139 read
1432824139 fgetattr
1432824139 flush
1432824139 release
1432824140 getattr
1432824140 open
1432824140 read
1432824140 fgetattr
1432824140 flush
1432824140 release
1432824140 open
1432824140 read
1432824140 fgetattr
1432824140 flush
1432824140 release
1432824141 open
1432824141 read
1432824141 fgetattr
1432824141 flush
1432824141 release
1432824141 getattr
1432824141 open
1432824141 read
1432824141 fgetattr
1432824141 flush
1432824141 release
1432824141 open
1432824141 read
1432824141 fgetattr
1432824141 flush
1432824141 release
1432824141 open
1432824141 read
1432824141 fgetattr
1432824141 flush
1432824141 release
1432824155 getattr
1432824155 open
1432824155 read
1432824155 fgetattr
1432824155 flush
1432824155 release
1432824164 getattr
1432824164 open
1432824164 ioctl
/lala 0 7
/noga 0 1
noganoganoga

 0 1
1432824164 flush
1432824164 release
1432824167 getattr
1432824167 open
1432824167 ioctl
/lala 0 7
/noga 0 1
noganoganoga

 0 1
1432824167 flush
1432824167 release
1432824183 getattr
1432824183 open
1432824183 ioctl
/lala 0 7
/noga 0 1
noganoganoga

 0 1
1432824183 flush
1432824183 release
1432824188 getattr
1432824188 open
1432824188 read
1432824188 fgetattr
1432824188 flush
1432824188 release
1432824191 getattr
1432824191 open
1432824191 read
1432824191 fgetattr
1432824191 flush
1432824191 release
1432824193 getattr
1432824193 open
1432824193 read
1432824193 fgetattr
1432824193 flush
1432824193 release
1432824232 getattr
1432824232 opendir
1432824232 readdir
1432824232 releasedir
1432824232 getattr
1432824232 getattr
1432824232 getattr
1432824232 opendir
1432824232 readdir
1432824232 releasedir
1432824234 getattr
1432824234 opendir
1432824234 readdir
1432824234 releasedir
1432824234 getattr
1432824234 getattr
1432824234 opendir
1432824234 readdir
1432824234 getattr
1432824234 getattr
1432824234 releasedir
1432824234 opendir
1432824234 readdir
1432824234 releasedir
1432824234 getattr
1432824235 getattr
1432824235 open
1432824235 read
1432824235 fgetattr
1432824235 flush
1432824235 release
1432824236 getattr
1432824236 getattr
1432824236 open
1432824236 read
1432824236 fgetattr
1432824236 flush
1432824236 release
1432824237 open
1432824237 read
1432824237 fgetattr
1432824237 flush
1432824237 release
1432824237 getattr
1432824237 getattr
1432824237 open
1432824237 read
1432824237 fgetattr
1432824237 flush
1432824237 release
1432824238 open
1432824238 read
1432824238 fgetattr
1432824238 flush
1432824238 release
1432824238 open
1432824238 read
1432824238 fgetattr
1432824238 flush
1432824238 release
1432824239 getattr
1432824239 getattr
1432824239 open
1432824239 read
1432824239 fgetattr
1432824239 flush
1432824239 release
1432824239 open
1432824239 read
1432824239 fgetattr
1432824239 flush
1432824239 release
1432824240 open
1432824240 read
1432824240 fgetattr
1432824240 flush
1432824240 release
1432824240 getattr
1432824240 getattr
1432824240 open
1432824240 read
1432824240 fgetattr
1432824240 flush
1432824240 release
1432824240 open
1432824240 read
1432824240 fgetattr
1432824240 flush
1432824240 release
1432824241 getattr
1432824241 getattr
1432824241 open
1432824241 read
1432824241 fgetattr
1432824241 flush
1432824241 release
1432824242 open
1432824242 read
1432824242 fgetattr
1432824242 flush
1432824242 release
1432824243 getattr
1432824243 getattr
1432824243 open
1432824243 read
1432824243 fgetattr
1432824243 flush
1432824243 release
1432824243 open
1432824243 read
1432824243 fgetattr
1432824243 flush
1432824243 release
1432824243 open
1432824243 read
1432824243 fgetattr
1432824243 flush
1432824243 release
1432824252 getattr
1432824252 open
1432824252 ioctl
/lala 0 7
/nogadir/lala 0 1
lalala2
noga

 0 1
1432824252 flush
1432824252 release
1432824253 getattr
1432824253 open
1432824253 ioctl
/lala 0 7
/nogadir/lala 0 1
lalala2
noga

 0 1
1432824253 flush
1432824253 release
1432824266 getattr
1432824266 open
1432824266 ioctl
/lala 0 7
/nogadir/lala 0 1
lalala2
noga

 0 1
1432824266 flush
1432824266 release
1432824271 getattr
1432824271 open
1432824271 read
1432824271 fgetattr
1432824271 flush
1432824271 release
1432824273 getattr
1432824273 open
1432824273 read
1432824273 fgetattr
1432824273 flush
1432824273 release
1432824275 getattr
1432824275 open
1432824275 read
1432824275 fgetattr
1432824275 flush
1432824275 release
1432824760 destroy
1432824774 init
1432824774 getattr
1432824774 getattr
1432824780 getattr
1432824780 open
1432824780 read
1432824780 fgetattr
1432824780 flush
1432824780 release
1432824781 getattr
1432824781 open
1432824781 read
1432824781 fgetattr
1432824781 flush
1432824781 release
1432824781 open
1432824781 read
1432824781 fgetattr
1432824781 flush
1432824781 release
1432824782 getattr
1432824782 open
1432824782 read
1432824782 fgetattr
1432824782 flush
1432824782 release
1432824786 getattr
1432824786 opendir
1432824786 readdir
1432824786 releasedir
1432824786 getattr
1432824786 getattr
1432824786 getattr
1432824788 getattr
1432824788 open
1432824788 read
1432824788 fgetattr
1432824788 flush
1432824788 release
1432824789 open
1432824789 read
1432824789 fgetattr
1432824789 flush
1432824789 release
1432824790 getattr
1432824790 open
1432824790 read
1432824790 fgetattr
1432824790 flush
1432824790 release
1432824790 open
1432824790 read
1432824790 fgetattr
1432824790 flush
1432824790 release
1432824791 getattr
1432824791 open
1432824791 read
1432824791 fgetattr
1432824791 flush
1432824791 release
1432824794 getattr
1432824794 open
1432824794 read
1432824794 fgetattr
1432824794 flush
1432824794 release
1432824795 getattr
1432824795 open
1432824795 read
1432824795 fgetattr
1432824795 flush
1432824795 release
1432824798 getattr
1432824798 open
1432824798 read
1432824798 fgetattr
1432824798 flush
1432824798 release
1432824799 open
1432824799 read
1432824799 fgetattr
1432824799 flush
1432824799 release
1432824800 getattr
1432824800 open
1432824800 read
1432824800 fgetattr
1432824800 flush
1432824800 release
1432824802 getattr
1432824802 open
1432824802 read
1432824802 fgetattr
1432824802 flush
1432824802 release
1432824803 open
1432824803 read
1432824803 fgetattr
1432824803 flush
1432824803 release
1432824803 getattr
1432824803 open
1432824803 read
1432824803 fgetattr
1432824803 flush
1432824803 release
1432824805 getattr
1432824805 open
1432824805 read
1432824805 fgetattr
1432824805 flush
1432824805 release
1432824808 getattr
1432824808 opendir
1432824808 readdir
1432824808 releasedir
1432824808 getattr
1432824808 getattr
1432824808 getattr
1432824810 getattr
1432824810 opendir
1432824810 readdir
1432824810 releasedir
1432824810 getattr
1432824811 getattr
1432824811 opendir
1432824811 readdir
1432824811 getattr
1432824811 getattr
1432824811 releasedir
1432824811 opendir
1432824811 readdir
1432824811 releasedir
1432824811 getattr
1432824811 opendir
1432824811 readdir
1432824811 getattr
1432824811 releasedir
1432824811 opendir
1432824811 readdir
1432824811 releasedir
1432824811 getattr
1432824811 getattr
1432824811 opendir
1432824811 readdir
1432824811 getattr
1432824811 releasedir
1432824811 opendir
1432824811 readdir
1432824811 releasedir
1432824812 getattr
1432824812 opendir
1432824812 readdir
1432824812 getattr
1432824812 releasedir
1432824812 opendir
1432824812 readdir
1432824812 releasedir
1432824812 getattr
1432824814 getattr
1432824814 getattr
1432824814 open
1432824814 read
1432824814 fgetattr
1432824814 flush
1432824814 release
1432824815 open
1432824815 read
1432824815 fgetattr
1432824815 flush
1432824815 release
1432824815 getattr
1432824815 getattr
1432824815 open
1432824815 read
1432824815 fgetattr
1432824815 flush
1432824815 release
1432824816 open
1432824816 read
1432824816 fgetattr
1432824816 flush
1432824816 release
1432824818 getattr
1432824818 open
1432824818 read
1432824818 fgetattr
1432824818 flush
1432824818 release
1432824824 getattr
1432824824 open
1432824824 read
1432824824 fgetattr
1432824824 flush
1432824824 release
1432824830 getattr
1432824830 open
1432824830 ioctl
/lala 0 8
/noga 0 1
/noga 0 1
1432824830 flush
1432824830 release
1432824834 getattr
1432824834 open
1432824834 ioctl
/lala 0 8
/noga 0 1
/noga 0 1
1432824834 flush
1432824834 release
1432824835 getattr
1432824835 open
1432824835 ioctl
/lala 0 8
/noga 0 1
/noga 0 1
1432824835 flush
1432824835 release
1432824843 getattr
1432824843 open
1432824843 read
1432824843 fgetattr
1432824843 flush
1432824843 release
1432824845 getattr
1432824845 open
1432824845 ioctl
/lala 0 9
/noga 0 1
/noga 0 1
1432824845 flush
1432824845 release
1432824850 getattr
1432824850 open
1432824850 read
1432824850 fgetattr
1432824850 flush
1432824850 release
1432824853 getattr
1432824853 open
1432824853 ioctl
/lala 0 9
/noga 0 1
/noga 0 1
1432824853 flush
1432824853 release
1432825088 destroy
1432825227 init
1432825227 getattr
1432825227 getattr
1432825245 getattr
1432825245 open
1432825245 read
1432825245 fgetattr
1432825245 flush
1432825245 release
1432825247 getattr
1432825247 open
1432825247 read
1432825247 fgetattr
1432825247 flush
1432825247 release
1432825248 getattr
1432825248 open
1432825248 read
1432825248 fgetattr
1432825248 flush
1432825248 release
1432825249 open
1432825249 read
1432825249 fgetattr
1432825249 flush
1432825249 release
1432825250 getattr
1432825250 open
1432825250 read
1432825250 fgetattr
1432825250 flush
1432825250 release
1432825250 open
1432825250 read
1432825250 fgetattr
1432825250 flush
1432825250 release
1432825251 getattr
1432825251 open
1432825251 read
1432825251 fgetattr
1432825251 flush
1432825251 release
1432825251 open
1432825251 read
1432825251 fgetattr
1432825251 flush
1432825251 release
1432825257 getattr
1432825257 open
1432825257 read
1432825257 fgetattr
1432825257 flush
1432825257 release
1432825258 getattr
1432825258 open
1432825258 read
1432825258 fgetattr
1432825258 flush
1432825258 release
1432825266 getattr
1432825266 open
1432825266 read
1432825266 fgetattr
1432825266 flush
1432825266 release
1432825277 getattr
1432825277 open
1432825277 read
1432825277 fgetattr
1432825277 flush
1432825277 release
1432825278 getattr
1432825278 open
1432825278 read
1432825278 fgetattr
1432825278 flush
1432825278 release
1432825279 open
1432825279 read
1432825279 fgetattr
1432825279 flush
1432825279 release
1432825280 getattr
1432825280 open
1432825280 read
1432825280 fgetattr
1432825280 flush
1432825280 release
1432825280 open
1432825280 read
1432825280 fgetattr
1432825280 flush
1432825280 release
1432825281 open
1432825281 read
1432825281 fgetattr
1432825281 flush
1432825281 release
1432825281 getattr
1432825281 open
1432825281 read
1432825281 fgetattr
1432825281 flush
1432825281 release
1432825291 getattr
1432825291 open
1432825291 read
1432825291 fgetattr
1432825291 flush
1432825291 release
1432825306 destroy
1432825314 init
1432825314 getattr
1432825314 getattr
1432825319 getattr
1432825319 open
1432825319 read
1432825319 fgetattr
1432825319 flush
1432825319 release
1432825319 open
1432825319 read
1432825319 fgetattr
1432825319 flush
1432825319 release
1432825320 getattr
1432825320 open
1432825320 read
1432825320 fgetattr
1432825320 flush
1432825320 release
1432825320 open
1432825320 read
1432825320 fgetattr
1432825320 flush
1432825320 release
1432825321 open
1432825321 read
1432825321 fgetattr
1432825321 flush
1432825321 release
1432825321 getattr
1432825321 open
1432825321 read
1432825321 fgetattr
1432825321 flush
1432825321 release
1432825327 getattr
1432825327 open
1432825327 read
1432825327 fgetattr
1432825327 flush
1432825327 release
1432825331 getattr
1432825331 open
1432825331 read
1432825331 fgetattr
1432825331 flush
1432825331 release
1432825337 getattr
1432825337 open
1432825337 read
1432825337 fgetattr
1432825337 flush
1432825337 release
1432825344 getattr
1432825344 open
1432825344 read
1432825344 fgetattr
1432825344 flush
1432825344 release
1432825344 open
1432825344 read
1432825344 fgetattr
1432825344 flush
1432825344 release
1432825345 open
1432825345 read
1432825345 fgetattr
1432825345 flush
1432825345 release
1432825345 getattr
1432825345 open
1432825345 read
1432825345 fgetattr
1432825345 flush
1432825345 release
1432825370 getattr
1432825370 getattr
1432825370 open
1432825370 read
1432825370 fgetattr
1432825370 flush
1432825370 release
1432825377 getattr
1432825377 getattr
1432825377 open
1432825377 read
1432825377 fgetattr
1432825377 flush
1432825377 release
1432825378 getattr
1432825378 getattr
1432825378 open
1432825378 read
1432825378 fgetattr
1432825378 flush
1432825378 release
1432825380 getattr
1432825380 getattr
1432825380 open
1432825380 read
1432825380 fgetattr
1432825380 flush
1432825380 release
1432825381 open
1432825381 read
1432825381 fgetattr
1432825381 flush
1432825381 release
1432825381 getattr
1432825381 getattr
1432825381 open
1432825382 read
1432825382 fgetattr
1432825382 flush
1432825382 release
1432825382 open
1432825382 read
1432825382 fgetattr
1432825382 flush
1432825382 release
1432825486 destroy
1432825492 init
1432825492 getattr
1432825492 getattr
1432825494 getattr
1432825494 getattr
1432825494 open
1432825494 read
1432825494 fgetattr
1432825494 flush
1432825494 release
1432825496 getattr
1432825496 getattr
1432825496 open
1432825496 read
1432825496 fgetattr
1432825496 flush
1432825496 release
1432825497 getattr
1432825497 getattr
1432825497 open
1432825497 read
1432825497 fgetattr
1432825497 flush
1432825497 release
1432825498 open
1432825498 read
1432825498 fgetattr
1432825498 flush
1432825498 release
1432825502 getattr
1432825502 open
1432825502 read
1432825502 fgetattr
1432825502 flush
1432825502 release
1432825510 getattr
1432825510 open
1432825510 read
1432825510 fgetattr
1432825510 flush
1432825510 release
1432825516 getattr
1432825516 open
1432825516 read
1432825516 fgetattr
1432825516 flush
1432825516 release
1432825528 getattr
1432825528 open
1432825528 read
1432825528 fgetattr
1432825528 flush
1432825528 release
1432825529 open
1432825529 read
1432825529 fgetattr
1432825529 flush
1432825529 release
1432825531 getattr
1432825531 open
1432825531 read
1432825531 fgetattr
1432825531 flush
1432825531 release
1432825533 getattr
1432825533 open
1432825533 read
1432825533 fgetattr
1432825533 flush
1432825533 release
1432825560 getattr
1432825560 open
1432825560 read
1432825560 fgetattr
1432825560 flush
1432825560 release
1432825561 open
1432825561 read
1432825561 fgetattr
1432825561 flush
1432825561 release
1432825607 destroy
1432825621 init
1432825621 getattr
1432825621 getattr
1432825629 getattr
1432825629 open
1432825629 read
1432825629 fgetattr
1432825629 flush
1432825629 release
1432825629 open
1432825629 read
1432825629 fgetattr
1432825629 flush
1432825629 release
1432825630 getattr
1432825630 open
1432825630 read
1432825630 fgetattr
1432825630 flush
1432825630 release
1432825630 open
1432825630 read
1432825630 fgetattr
1432825630 flush
1432825630 release
1432825631 open
1432825631 read
1432825631 fgetattr
1432825631 flush
1432825631 release
1432825634 getattr
1432825634 open
1432825634 read
1432825634 fgetattr
1432825634 flush
1432825634 release
1432825635 getattr
1432825635 open
1432825635 read
1432825635 fgetattr
1432825635 flush
1432825635 release
1432825635 open
1432825635 read
1432825635 fgetattr
1432825635 flush
1432825635 release
1432825636 open
1432825636 read
1432825636 fgetattr
1432825636 flush
1432825636 release
1432825636 getattr
1432825636 open
1432825636 read
1432825636 fgetattr
1432825636 flush
1432825636 release
1432825636 open
1432825636 read
1432825636 fgetattr
1432825636 flush
1432825636 release
1432825637 open
1432825637 read
1432825637 fgetattr
1432825637 flush
1432825637 release
1432825637 open
1432825637 read
1432825637 fgetattr
1432825637 flush
1432825637 release
1432825640 getattr
1432825640 open
1432825640 read
1432825640 fgetattr
1432825640 flush
1432825640 release
1432825642 getattr
1432825642 open
1432825642 read
1432825642 fgetattr
1432825642 flush
1432825642 release
1432825642 open
1432825642 read
1432825642 fgetattr
1432825642 flush
1432825642 release
1432825648 getattr
1432825648 getattr
1432825648 open
1432825648 read
1432825648 fgetattr
1432825648 flush
1432825648 release
1432825649 open
1432825649 read
1432825649 fgetattr
1432825649 flush
1432825649 release
1432825650 getattr
1432825650 getattr
1432825650 open
1432825650 read
1432825650 fgetattr
1432825650 flush
1432825650 release
1432825650 open
1432825650 read
1432825650 fgetattr
1432825650 flush
1432825650 release
1432825651 open
1432825651 read
1432825651 fgetattr
1432825651 flush
1432825651 release
1432825651 getattr
1432825651 getattr
1432825651 open
1432825651 read
1432825651 fgetattr
1432825651 flush
1432825651 release
1432825651 open
1432825651 read
1432825651 fgetattr
1432825651 flush
1432825651 release
1432825651 open
1432825651 read
1432825651 fgetattr
1432825651 flush
1432825651 release
1432825652 open
1432825652 read
1432825652 fgetattr
1432825652 flush
1432825652 release
1432825652 open
1432825652 read
1432825652 fgetattr
1432825652 flush
1432825652 release
1432825652 getattr
1432825652 getattr
1432825652 open
1432825652 read
1432825652 fgetattr
1432825652 flush
1432825652 release
1432825652 open
1432825652 read
1432825652 fgetattr
1432825652 flush
1432825652 release
1432825652 open
1432825652 read
1432825652 fgetattr
1432825652 flush
1432825652 release
1432825739 getattr
1432825739 opendir
1432825739 readdir
1432825739 releasedir
1432825739 getattr
1432825740 open
1432825740 read
1432825740 fgetattr
1432825740 flush
1432825740 release
1432825747 getattr
1432825747 open
1432825747 read
1432825747 fgetattr
1432825747 flush
1432825747 release
1432825760 getattr
1432825760 open
1432825760 ioctl
/qwer 0 2
/lala 0 8
/nogadir/lala 0 13
1432825760 flush
1432825760 release
1432825763 getattr
1432825763 open
1432825763 ioctl
/qwer 0 2
/lala 0 8
/nogadir/lala 0 13
1432825763 flush
1432825763 release
1432825873 access
1432825873 getattr
1432825873 getattr
1432825873 getattr
1432825873 getattr
1432825873 getattr
1432825873 getattr
1432825873 access
1432825873 getattr
1432825873 getattr
1432825873 getattr
1432825873 getattr
1432825873 getattr
1432825873 getattr
1432825873 getattr
1432825873 getattr
1432825873 getattr
1432825873 getattr
1432825873 getattr
1432825873 getattr
1432825873 getattr
1432825873 getattr
1432825873 getattr
1432825873 opendir
1432825873 readdir
1432825873 getattr
1432825873 getattr
1432825873 getattr
1432825873 getattr
1432825873 releasedir
1432825873 getattr
1432825873 getattr
1432825873 getattr
1432825873 getattr
1432825873 getattr
1432825873 getattr
1432825873 access
1432825873 getattr
1432825873 getattr
1432825873 getattr
1432825873 getattr
1432825873 getattr
1432825873 getattr
1432825873 getattr
1432825873 getattr
1432825873 getattr
1432825873 getattr
1432825873 getattr
1432825873 getattr
1432825873 getattr
1432825882 getattr
1432825882 getattr
1432825882 getattr
1432825882 getattr
1432825882 getattr
1432825882 getattr
1432825882 rename
1432825882 getattr
1432825882 getattr
1432825882 getattr
1432825882 getattr
1432825882 getattr
1432825882 getattr
1432825882 access
1432825882 getattr
1432825882 getattr
1432825882 getattr
1432825882 getattr
1432825882 getattr
1432825882 getattr
1432825882 getattr
1432825882 getattr
1432825882 getattr
1432825882 getattr
1432825882 getattr
1432825882 getattr
1432825882 getattr
1432825883 getattr
1432825883 getattr
1432825883 opendir
1432825883 readdir
1432825883 getattr
1432825883 getattr
1432825883 getattr
1432825883 getattr
1432825883 releasedir
1432825883 getattr
1432825883 getattr
1432825883 getattr
1432825883 getattr
1432825883 getattr
1432825883 getattr
1432825883 access
1432825883 getattr
1432825883 getattr
1432825883 getattr
1432825883 getattr
1432825883 getattr
1432825883 getattr
1432825883 getattr
1432825883 getattr
1432825883 getattr
1432825883 getattr
1432825883 getattr
1432825883 getattr
1432825883 getattr
1432825888 getattr
1432825888 getattr
1432825889 getattr
1432825889 getattr
1432825889 open
1432825889 ioctl
/noga_is_cute 0 2
/lala 0 8
/nogadir/lala 0 13
1432825889 flush
1432825889 release
1432825889 getattr
1432825889 getattr
1432825889 getattr
1432825889 getattr
1432825889 getattr
1432825889 getattr
1432825889 access
1432825889 getattr
1432825889 getattr
1432825889 getattr
1432825889 getattr
1432825889 getattr
1432825889 getattr
1432825889 getattr
1432825889 getattr
1432825889 getattr
1432825889 getattr
1432825889 getattr
1432825889 getattr
1432825889 getattr
1432825919 opendir
1432825919 readdir
1432825919 releasedir
1432825919 getattr
1432825919 getattr
1432825919 getattr
1432825921 opendir
1432825921 readdir
1432825921 releasedir
1432825921 getattr
1432825924 opendir
1432825924 readdir
1432825924 getattr
1432825924 getattr
1432825924 getattr
1432825924 getattr
1432825924 releasedir
1432825924 opendir
1432825924 readdir
1432825924 releasedir
1432825924 opendir
1432825924 readdir
1432825924 releasedir
1432825942 opendir
1432825942 readdir
1432825942 getattr
1432825942 getattr
1432825942 getattr
1432825942 getattr
1432825942 releasedir
1432825942 opendir
1432825942 readdir
1432825942 releasedir
1432825942 opendir
1432825942 readdir
1432825942 releasedir
1432825944 getattr
1432825944 getattr
1432825944 getattr
1432825944 open
1432825944 read
1432825944 fgetattr
1432825944 flush
1432825944 release
1432825944 getattr
1432825944 getattr
1432825944 getattr
1432825944 getattr
1432825944 getattr
1432825944 getattr
1432825944 access
1432825944 getattr
1432825944 getattr
1432825944 getattr
1432825944 getattr
1432825944 getattr
1432825944 getattr
1432825944 getattr
1432825944 getattr
1432825944 getattr
1432825944 getattr
1432825944 getattr
1432825944 getattr
1432825944 getattr
1432826159 getattr
1432826161 destroy
